[
    {
        "Id":  4672,
        "Version":  0,
        "Qualifiers":  null,
        "Level":  0,
        "Task":  12548,
        "Opcode":  0,
        "Keywords":  -9214364837600034816,
        "RecordId":  343786,
        "ProviderName":  "Microsoft-Windows-Security-Auditing",
        "ProviderId":  "54849625-5478-4994-a5ba-3e3b0328c30d",
        "LogName":  "Security",
        "ProcessId":  1460,
        "ThreadId":  14692,
        "MachineName":  "DESKTOP-NRFOH2F",
        "UserId":  null,
        "TimeCreated":  "\/Date(1773056910724)\/",
        "ActivityId":  "4798d4a9-af97-0002-68d5-984797afdc01",
        "RelatedActivityId":  null,
        "ContainerLog":  "Security",
        "MatchedQueryIds":  [
                                0
                            ],
        "Bookmark":  {

                     },
        "LevelDisplayName":  "Informazioni",
        "OpcodeDisplayName":  "Informazioni",
        "TaskDisplayName":  "Special Logon",
        "KeywordsDisplayNames":  [
                                     "Controllo riuscito"
                                 ],
        "Properties":  [
                           {
                               "Value":  {
                                             "BinaryLength":  12,
                                             "AccountDomainSid":  null,
                                             "Value":  "S-1-5-18"
                                         }
                           },
                           {
                               "Value":  "SYSTEM"
                           },
                           {
                               "Value":  "NT AUTHORITY"
                           },
                           {
                               "Value":  999
                           },
                           {
                               "Value":  "SeAssignPrimaryTokenPrivilege\r\n\t\t\tSeTcbPrivilege\r\n\t\t\tSeSecurityPrivilege\r\n\t\t\tSeTakeOwnershipPrivilege\r\n\t\t\tSeLoadDriverPrivilege\r\n\t\t\tSeBackupPrivilege\r\n\t\t\tSeRestorePrivilege\r\n\t\t\tSeDebugPrivilege\r\n\t\t\tSeAuditPrivilege\r\n\t\t\tSeSystemEnvironmentPrivilege\r\n\t\t\tSeImpersonatePrivilege\r\n\t\t\tSeDelegateSessionUserImpersonatePrivilege"
                           }
                       ],
        "Message":  "Privilegi speciali assegnati a nuovo accesso.\r\n\r\nSoggetto:\r\n\tID sicurezza:\t\tS-1-5-18\r\n\tNome account:\t\tSYSTEM\r\n\tDominio account:\t\tNT AUTHORITY\r\n\tID accesso:\t\t0x3E7\r\n\r\nPrivilegi:\t\tSeAssignPrimaryTokenPrivilege\r\n\t\t\tSeTcbPrivilege\r\n\t\t\tSeSecurityPrivilege\r\n\t\t\tSeTakeOwnershipPrivilege\r\n\t\t\tSeLoadDriverPrivilege\r\n\t\t\tSeBackupPrivilege\r\n\t\t\tSeRestorePrivilege\r\n\t\t\tSeDebugPrivilege\r\n\t\t\tSeAuditPrivilege\r\n\t\t\tSeSystemEnvironmentPrivilege\r\n\t\t\tSeImpersonatePrivilege\r\n\t\t\tSeDelegateSessionUserImpersonatePrivilege"
    },
    {
        "Id":  4624,
        "Version":  3,
        "Qualifiers":  null,
        "Level":  0,
        "Task":  12544,
        "Opcode":  0,
        "Keywords":  -9214364837600034816,
        "RecordId":  343785,
        "ProviderName":  "Microsoft-Windows-Security-Auditing",
        "ProviderId":  "54849625-5478-4994-a5ba-3e3b0328c30d",
        "LogName":  "Security",
        "ProcessId":  1460,
        "ThreadId":  14692,
        "MachineName":  "DESKTOP-NRFOH2F",
        "UserId":  null,
        "TimeCreated":  "\/Date(1773056910724)\/",
        "ActivityId":  "4798d4a9-af97-0002-68d5-984797afdc01",
        "RelatedActivityId":  null,
        "ContainerLog":  "Security",
        "MatchedQueryIds":  [
                                0
                            ],
        "Bookmark":  {

                     },
        "LevelDisplayName":  "Informazioni",
        "OpcodeDisplayName":  "Informazioni",
        "TaskDisplayName":  "Special Logon",
        "KeywordsDisplayNames":  [
                                     "Controllo riuscito"
                                 ],
        "Properties":  [
                           {
                               "Value":  {
                                             "BinaryLength":  12,
                                             "AccountDomainSid":  null,
                                             "Value":  "S-1-5-18"
                                         }
                           },
                           {
                               "Value":  "DESKTOP-NRFOH2F$"
                           },
                           {
                               "Value":  "WORKGROUP"
                           },
                           {
                               "Value":  999
                           },
                           {
                               "Value":  {
                                             "BinaryLength":  12,
                                             "AccountDomainSid":  null,
                                             "Value":  "S-1-5-18"
                                         }
                           },
                           {
                               "Value":  "SYSTEM"
                           },
                           {
                               "Value":  "NT AUTHORITY"
                           },
                           {
                               "Value":  999
                           },
                           {
                               "Value":  5
                           },
                           {
                               "Value":  "Advapi  "
                           },
                           {
                               "Value":  "Negotiate"
                           },
                           {
                               "Value":  "-"
                           },
                           {
                               "Value":  "00000000-0000-0000-0000-000000000000"
                           },
                           {
                               "Value":  "-"
                           },
                           {
                               "Value":  "-"
                           },
                           {
                               "Value":  0
                           },
                           {
                               "Value":  1412
                           },
                           {
                               "Value":  "C:\\Windows\\System32\\services.exe"
                           },
                           {
                               "Value":  "-"
                           },
                           {
                               "Value":  "-"
                           },
                           {
                               "Value":  "%%1833"
                           },
                           {
                               "Value":  "-"
                           },
                           {
                               "Value":  "-"
                           },
                           {
                               "Value":  "-"
                           },
                           {
                               "Value":  "-"
                           },
                           {
                               "Value":  "%%1843"
                           },
                           {
                               "Value":  0
                           },
                           {
                               "Value":  "%%1842"
                           }
                       ],
        "Message":  "Accesso di un account riuscito.\r\n\r\nSoggetto:\r\n\tID sicurezza:\t\tS-1-5-18\r\n\tNome account:\t\tDESKTOP-NRFOH2F$\r\n\tDominio account:\t\tWORKGROUP\r\n\tID accesso:\t\t0x3E7\r\n\r\nInformazioni di accesso:\r\n\tTipo di accesso:\t\t5\r\n\tModalità amministrativa limitata::\t-\r\n\tCredential Guard remoto:\t-\r\n\tAccount virtuale:\t\tNo\r\n\tToken elevato:\t\tSì\r\n\r\nLivello rappresentazione:\t\tRappresentazione\r\n\r\nNuovo accesso:\r\n\tID sicurezza:\t\tS-1-5-18\r\n\tNome account:\t\tSYSTEM\r\n\tDominio account:\t\tNT AUTHORITY\r\n\tID accesso:\t\t0x3E7\r\n\tID accesso collegato:\t\t0x0\r\n\tNome account di rete:\t-\r\n\tDominio account di rete:\t-\r\n\tGUID accesso:\t\t{00000000-0000-0000-0000-000000000000}\r\n\r\nInformazioni sul processo:\r\n\tID processo:\t\t0x584\r\n\tNome processo:\t\tC:\\Windows\\System32\\services.exe\r\n\r\nInformazioni di rete:\r\n\tNome Workstation:\t-\r\n\tIndirizzo rete di origine:\t-\r\n\tPorta di origine:\t\t-\r\n\r\nInformazioni di autenticazione dettagliate:\r\n\tProcesso di accesso:\t\tAdvapi  \r\n\tPacchetto di autenticazione:\tNegotiate\r\n\tServizi transitati:\t-\r\n\tNome pacchetto (solo NTLM):\t-\r\n\tLunghezza chiave:\t\t0\r\n\r\nQuesto evento viene generato quando viene creata una sessione di accesso. Viene generato nel computer in cui è stato effettuato l\u0027accesso.\r\n\r\nIl campo Soggetto indica l\u0027account nel sistema locale che ha richiesto l\u0027accesso. Generalmente si tratta di un servizio, quale il servizio Server, o di un processo locale, ad esempio Winlogon.exe o Services.exe.\r\n\r\nIl campo Tipo di accesso indica il tipo di accesso che È stato effettuato. I tipi più comuni sono 2 (interattivo) e 3 (rete).\r\n\r\nIl campo Nuovo accesso indica l’account per il quale è stato creato il nuovo accesso, vale a dire l’account che ha effettuato l’accesso.\r\n\r\nTI campi Informazioni di rete indicano l\u0027origine della richiesta di accesso remota. Il nome della workstation non è sempre disponibile e può essere vuoto in alcuni casi.\r\n\r\nIl campo del livello di rappresentazione indica la portata della rappresentazione consentita a un processo nella sessione di accesso.\r\n\r\nIl campo Informazioni di autenticazione fornisce informazioni dettagliate sulla specifica richiesta di accesso.\r\n\t- GUID accesso è un identificatore univoco che può essere utilizzato per correlare questo evento a un evento KDC.\r\n\t- Servizi transitati indica quali servizi intermedi hanno partecipato alla richiesta di accesso.\r\n\t- Nome pacchetto indica quale sottoprotocollo dei protocolli NTLM è stato utilizzato.\r\n\t- Lunghezza chiave indica la lunghezza della chiave di sessione generata. Se non è stata richiesta alcuna chiave di sessione, la lunghezza sarà 0."
    },
    {
        "Id":  4672,
        "Version":  0,
        "Qualifiers":  null,
        "Level":  0,
        "Task":  12548,
        "Opcode":  0,
        "Keywords":  -9214364837600034816,
        "RecordId":  343784,
        "ProviderName":  "Microsoft-Windows-Security-Auditing",
        "ProviderId":  "54849625-5478-4994-a5ba-3e3b0328c30d",
        "LogName":  "Security",
        "ProcessId":  1460,
        "ThreadId":  14692,
        "MachineName":  "DESKTOP-NRFOH2F",
        "UserId":  null,
        "TimeCreated":  "\/Date(1773056842492)\/",
        "ActivityId":  "4798d4a9-af97-0002-68d5-984797afdc01",
        "RelatedActivityId":  null,
        "ContainerLog":  "Security",
        "MatchedQueryIds":  [
                                0
                            ],
        "Bookmark":  {

                     },
        "LevelDisplayName":  "Informazioni",
        "OpcodeDisplayName":  "Informazioni",
        "TaskDisplayName":  "Special Logon",
        "KeywordsDisplayNames":  [
                                     "Controllo riuscito"
                                 ],
        "Properties":  [
                           {
                               "Value":  {
                                             "BinaryLength":  12,
                                             "AccountDomainSid":  null,
                                             "Value":  "S-1-5-18"
                                         }
                           },
                           {
                               "Value":  "SYSTEM"
                           },
                           {
                               "Value":  "NT AUTHORITY"
                           },
                           {
                               "Value":  999
                           },
                           {
                               "Value":  "SeAssignPrimaryTokenPrivilege\r\n\t\t\tSeTcbPrivilege\r\n\t\t\tSeSecurityPrivilege\r\n\t\t\tSeTakeOwnershipPrivilege\r\n\t\t\tSeLoadDriverPrivilege\r\n\t\t\tSeBackupPrivilege\r\n\t\t\tSeRestorePrivilege\r\n\t\t\tSeDebugPrivilege\r\n\t\t\tSeAuditPrivilege\r\n\t\t\tSeSystemEnvironmentPrivilege\r\n\t\t\tSeImpersonatePrivilege\r\n\t\t\tSeDelegateSessionUserImpersonatePrivilege"
                           }
                       ],
        "Message":  "Privilegi speciali assegnati a nuovo accesso.\r\n\r\nSoggetto:\r\n\tID sicurezza:\t\tS-1-5-18\r\n\tNome account:\t\tSYSTEM\r\n\tDominio account:\t\tNT AUTHORITY\r\n\tID accesso:\t\t0x3E7\r\n\r\nPrivilegi:\t\tSeAssignPrimaryTokenPrivilege\r\n\t\t\tSeTcbPrivilege\r\n\t\t\tSeSecurityPrivilege\r\n\t\t\tSeTakeOwnershipPrivilege\r\n\t\t\tSeLoadDriverPrivilege\r\n\t\t\tSeBackupPrivilege\r\n\t\t\tSeRestorePrivilege\r\n\t\t\tSeDebugPrivilege\r\n\t\t\tSeAuditPrivilege\r\n\t\t\tSeSystemEnvironmentPrivilege\r\n\t\t\tSeImpersonatePrivilege\r\n\t\t\tSeDelegateSessionUserImpersonatePrivilege"
    },
    {
        "Id":  4624,
        "Version":  3,
        "Qualifiers":  null,
        "Level":  0,
        "Task":  12544,
        "Opcode":  0,
        "Keywords":  -9214364837600034816,
        "RecordId":  343783,
        "ProviderName":  "Microsoft-Windows-Security-Auditing",
        "ProviderId":  "54849625-5478-4994-a5ba-3e3b0328c30d",
        "LogName":  "Security",
        "ProcessId":  1460,
        "ThreadId":  14692,
        "MachineName":  "DESKTOP-NRFOH2F",
        "UserId":  null,
        "TimeCreated":  "\/Date(1773056842492)\/",
        "ActivityId":  "4798d4a9-af97-0002-68d5-984797afdc01",
        "RelatedActivityId":  null,
        "ContainerLog":  "Security",
        "MatchedQueryIds":  [
                                0
                            ],
        "Bookmark":  {

                     },
        "LevelDisplayName":  "Informazioni",
        "OpcodeDisplayName":  "Informazioni",
        "TaskDisplayName":  "Special Logon",
        "KeywordsDisplayNames":  [
                                     "Controllo riuscito"
                                 ],
        "Properties":  [
                           {
                               "Value":  {
                                             "BinaryLength":  12,
                                             "AccountDomainSid":  null,
                                             "Value":  "S-1-5-18"
                                         }
                           },
                           {
                               "Value":  "DESKTOP-NRFOH2F$"
                           },
                           {
                               "Value":  "WORKGROUP"
                           },
                           {
                               "Value":  999
                           },
                           {
                               "Value":  {
                                             "BinaryLength":  12,
                                             "AccountDomainSid":  null,
                                             "Value":  "S-1-5-18"
                                         }
                           },
                           {
                               "Value":  "SYSTEM"
                           },
                           {
                               "Value":  "NT AUTHORITY"
                           },
                           {
                               "Value":  999
                           },
                           {
                               "Value":  5
                           },
                           {
                               "Value":  "Advapi  "
                           },
                           {
                               "Value":  "Negotiate"
                           },
                           {
                               "Value":  "-"
                           },
                           {
                               "Value":  "00000000-0000-0000-0000-000000000000"
                           },
                           {
                               "Value":  "-"
                           },
                           {
                               "Value":  "-"
                           },
                           {
                               "Value":  0
                           },
                           {
                               "Value":  1412
                           },
                           {
                               "Value":  "C:\\Windows\\System32\\services.exe"
                           },
                           {
                               "Value":  "-"
                           },
                           {
                               "Value":  "-"
                           },
                           {
                               "Value":  "%%1833"
                           },
                           {
                               "Value":  "-"
                           },
                           {
                               "Value":  "-"
                           },
                           {
                               "Value":  "-"
                           },
                           {
                               "Value":  "-"
                           },
                           {
                               "Value":  "%%1843"
                           },
                           {
                               "Value":  0
                           },
                           {
                               "Value":  "%%1842"
                           }
                       ],
        "Message":  "Accesso di un account riuscito.\r\n\r\nSoggetto:\r\n\tID sicurezza:\t\tS-1-5-18\r\n\tNome account:\t\tDESKTOP-NRFOH2F$\r\n\tDominio account:\t\tWORKGROUP\r\n\tID accesso:\t\t0x3E7\r\n\r\nInformazioni di accesso:\r\n\tTipo di accesso:\t\t5\r\n\tModalità amministrativa limitata::\t-\r\n\tCredential Guard remoto:\t-\r\n\tAccount virtuale:\t\tNo\r\n\tToken elevato:\t\tSì\r\n\r\nLivello rappresentazione:\t\tRappresentazione\r\n\r\nNuovo accesso:\r\n\tID sicurezza:\t\tS-1-5-18\r\n\tNome account:\t\tSYSTEM\r\n\tDominio account:\t\tNT AUTHORITY\r\n\tID accesso:\t\t0x3E7\r\n\tID accesso collegato:\t\t0x0\r\n\tNome account di rete:\t-\r\n\tDominio account di rete:\t-\r\n\tGUID accesso:\t\t{00000000-0000-0000-0000-000000000000}\r\n\r\nInformazioni sul processo:\r\n\tID processo:\t\t0x584\r\n\tNome processo:\t\tC:\\Windows\\System32\\services.exe\r\n\r\nInformazioni di rete:\r\n\tNome Workstation:\t-\r\n\tIndirizzo rete di origine:\t-\r\n\tPorta di origine:\t\t-\r\n\r\nInformazioni di autenticazione dettagliate:\r\n\tProcesso di accesso:\t\tAdvapi  \r\n\tPacchetto di autenticazione:\tNegotiate\r\n\tServizi transitati:\t-\r\n\tNome pacchetto (solo NTLM):\t-\r\n\tLunghezza chiave:\t\t0\r\n\r\nQuesto evento viene generato quando viene creata una sessione di accesso. Viene generato nel computer in cui è stato effettuato l\u0027accesso.\r\n\r\nIl campo Soggetto indica l\u0027account nel sistema locale che ha richiesto l\u0027accesso. Generalmente si tratta di un servizio, quale il servizio Server, o di un processo locale, ad esempio Winlogon.exe o Services.exe.\r\n\r\nIl campo Tipo di accesso indica il tipo di accesso che È stato effettuato. I tipi più comuni sono 2 (interattivo) e 3 (rete).\r\n\r\nIl campo Nuovo accesso indica l’account per il quale è stato creato il nuovo accesso, vale a dire l’account che ha effettuato l’accesso.\r\n\r\nTI campi Informazioni di rete indicano l\u0027origine della richiesta di accesso remota. Il nome della workstation non è sempre disponibile e può essere vuoto in alcuni casi.\r\n\r\nIl campo del livello di rappresentazione indica la portata della rappresentazione consentita a un processo nella sessione di accesso.\r\n\r\nIl campo Informazioni di autenticazione fornisce informazioni dettagliate sulla specifica richiesta di accesso.\r\n\t- GUID accesso è un identificatore univoco che può essere utilizzato per correlare questo evento a un evento KDC.\r\n\t- Servizi transitati indica quali servizi intermedi hanno partecipato alla richiesta di accesso.\r\n\t- Nome pacchetto indica quale sottoprotocollo dei protocolli NTLM è stato utilizzato.\r\n\t- Lunghezza chiave indica la lunghezza della chiave di sessione generata. Se non è stata richiesta alcuna chiave di sessione, la lunghezza sarà 0."
    },
    {
        "Id":  4672,
        "Version":  0,
        "Qualifiers":  null,
        "Level":  0,
        "Task":  12548,
        "Opcode":  0,
        "Keywords":  -9214364837600034816,
        "RecordId":  343782,
        "ProviderName":  "Microsoft-Windows-Security-Auditing",
        "ProviderId":  "54849625-5478-4994-a5ba-3e3b0328c30d",
        "LogName":  "Security",
        "ProcessId":  1460,
        "ThreadId":  14692,
        "MachineName":  "DESKTOP-NRFOH2F",
        "UserId":  null,
        "TimeCreated":  "\/Date(1773056610702)\/",
        "ActivityId":  "4798d4a9-af97-0002-68d5-984797afdc01",
        "RelatedActivityId":  null,
        "ContainerLog":  "Security",
        "MatchedQueryIds":  [
                                0
                            ],
        "Bookmark":  {

                     },
        "LevelDisplayName":  "Informazioni",
        "OpcodeDisplayName":  "Informazioni",
        "TaskDisplayName":  "Special Logon",
        "KeywordsDisplayNames":  [
                                     "Controllo riuscito"
                                 ],
        "Properties":  [
                           {
                               "Value":  {
                                             "BinaryLength":  12,
                                             "AccountDomainSid":  null,
                                             "Value":  "S-1-5-18"
                                         }
                           },
                           {
                               "Value":  "SYSTEM"
                           },
                           {
                               "Value":  "NT AUTHORITY"
                           },
                           {
                               "Value":  999
                           },
                           {
                               "Value":  "SeAssignPrimaryTokenPrivilege\r\n\t\t\tSeTcbPrivilege\r\n\t\t\tSeSecurityPrivilege\r\n\t\t\tSeTakeOwnershipPrivilege\r\n\t\t\tSeLoadDriverPrivilege\r\n\t\t\tSeBackupPrivilege\r\n\t\t\tSeRestorePrivilege\r\n\t\t\tSeDebugPrivilege\r\n\t\t\tSeAuditPrivilege\r\n\t\t\tSeSystemEnvironmentPrivilege\r\n\t\t\tSeImpersonatePrivilege\r\n\t\t\tSeDelegateSessionUserImpersonatePrivilege"
                           }
                       ],
        "Message":  "Privilegi speciali assegnati a nuovo accesso.\r\n\r\nSoggetto:\r\n\tID sicurezza:\t\tS-1-5-18\r\n\tNome account:\t\tSYSTEM\r\n\tDominio account:\t\tNT AUTHORITY\r\n\tID accesso:\t\t0x3E7\r\n\r\nPrivilegi:\t\tSeAssignPrimaryTokenPrivilege\r\n\t\t\tSeTcbPrivilege\r\n\t\t\tSeSecurityPrivilege\r\n\t\t\tSeTakeOwnershipPrivilege\r\n\t\t\tSeLoadDriverPrivilege\r\n\t\t\tSeBackupPrivilege\r\n\t\t\tSeRestorePrivilege\r\n\t\t\tSeDebugPrivilege\r\n\t\t\tSeAuditPrivilege\r\n\t\t\tSeSystemEnvironmentPrivilege\r\n\t\t\tSeImpersonatePrivilege\r\n\t\t\tSeDelegateSessionUserImpersonatePrivilege"
    },
    {
        "Id":  4624,
        "Version":  3,
        "Qualifiers":  null,
        "Level":  0,
        "Task":  12544,
        "Opcode":  0,
        "Keywords":  -9214364837600034816,
        "RecordId":  343781,
        "ProviderName":  "Microsoft-Windows-Security-Auditing",
        "ProviderId":  "54849625-5478-4994-a5ba-3e3b0328c30d",
        "LogName":  "Security",
        "ProcessId":  1460,
        "ThreadId":  14692,
        "MachineName":  "DESKTOP-NRFOH2F",
        "UserId":  null,
        "TimeCreated":  "\/Date(1773056610702)\/",
        "ActivityId":  "4798d4a9-af97-0002-68d5-984797afdc01",
        "RelatedActivityId":  null,
        "ContainerLog":  "Security",
        "MatchedQueryIds":  [
                                0
                            ],
        "Bookmark":  {

                     },
        "LevelDisplayName":  "Informazioni",
        "OpcodeDisplayName":  "Informazioni",
        "TaskDisplayName":  "Special Logon",
        "KeywordsDisplayNames":  [
                                     "Controllo riuscito"
                                 ],
        "Properties":  [
                           {
                               "Value":  {
                                             "BinaryLength":  12,
                                             "AccountDomainSid":  null,
                                             "Value":  "S-1-5-18"
                                         }
                           },
                           {
                               "Value":  "DESKTOP-NRFOH2F$"
                           },
                           {
                               "Value":  "WORKGROUP"
                           },
                           {
                               "Value":  999
                           },
                           {
                               "Value":  {
                                             "BinaryLength":  12,
                                             "AccountDomainSid":  null,
                                             "Value":  "S-1-5-18"
                                         }
                           },
                           {
                               "Value":  "SYSTEM"
                           },
                           {
                               "Value":  "NT AUTHORITY"
                           },
                           {
                               "Value":  999
                           },
                           {
                               "Value":  5
                           },
                           {
                               "Value":  "Advapi  "
                           },
                           {
                               "Value":  "Negotiate"
                           },
                           {
                               "Value":  "-"
                           },
                           {
                               "Value":  "00000000-0000-0000-0000-000000000000"
                           },
                           {
                               "Value":  "-"
                           },
                           {
                               "Value":  "-"
                           },
                           {
                               "Value":  0
                           },
                           {
                               "Value":  1412
                           },
                           {
                               "Value":  "C:\\Windows\\System32\\services.exe"
                           },
                           {
                               "Value":  "-"
                           },
                           {
                               "Value":  "-"
                           },
                           {
                               "Value":  "%%1833"
                           },
                           {
                               "Value":  "-"
                           },
                           {
                               "Value":  "-"
                           },
                           {
                               "Value":  "-"
                           },
                           {
                               "Value":  "-"
                           },
                           {
                               "Value":  "%%1843"
                           },
                           {
                               "Value":  0
                           },
                           {
                               "Value":  "%%1842"
                           }
                       ],
        "Message":  "Accesso di un account riuscito.\r\n\r\nSoggetto:\r\n\tID sicurezza:\t\tS-1-5-18\r\n\tNome account:\t\tDESKTOP-NRFOH2F$\r\n\tDominio account:\t\tWORKGROUP\r\n\tID accesso:\t\t0x3E7\r\n\r\nInformazioni di accesso:\r\n\tTipo di accesso:\t\t5\r\n\tModalità amministrativa limitata::\t-\r\n\tCredential Guard remoto:\t-\r\n\tAccount virtuale:\t\tNo\r\n\tToken elevato:\t\tSì\r\n\r\nLivello rappresentazione:\t\tRappresentazione\r\n\r\nNuovo accesso:\r\n\tID sicurezza:\t\tS-1-5-18\r\n\tNome account:\t\tSYSTEM\r\n\tDominio account:\t\tNT AUTHORITY\r\n\tID accesso:\t\t0x3E7\r\n\tID accesso collegato:\t\t0x0\r\n\tNome account di rete:\t-\r\n\tDominio account di rete:\t-\r\n\tGUID accesso:\t\t{00000000-0000-0000-0000-000000000000}\r\n\r\nInformazioni sul processo:\r\n\tID processo:\t\t0x584\r\n\tNome processo:\t\tC:\\Windows\\System32\\services.exe\r\n\r\nInformazioni di rete:\r\n\tNome Workstation:\t-\r\n\tIndirizzo rete di origine:\t-\r\n\tPorta di origine:\t\t-\r\n\r\nInformazioni di autenticazione dettagliate:\r\n\tProcesso di accesso:\t\tAdvapi  \r\n\tPacchetto di autenticazione:\tNegotiate\r\n\tServizi transitati:\t-\r\n\tNome pacchetto (solo NTLM):\t-\r\n\tLunghezza chiave:\t\t0\r\n\r\nQuesto evento viene generato quando viene creata una sessione di accesso. Viene generato nel computer in cui è stato effettuato l\u0027accesso.\r\n\r\nIl campo Soggetto indica l\u0027account nel sistema locale che ha richiesto l\u0027accesso. Generalmente si tratta di un servizio, quale il servizio Server, o di un processo locale, ad esempio Winlogon.exe o Services.exe.\r\n\r\nIl campo Tipo di accesso indica il tipo di accesso che È stato effettuato. I tipi più comuni sono 2 (interattivo) e 3 (rete).\r\n\r\nIl campo Nuovo accesso indica l’account per il quale è stato creato il nuovo accesso, vale a dire l’account che ha effettuato l’accesso.\r\n\r\nTI campi Informazioni di rete indicano l\u0027origine della richiesta di accesso remota. Il nome della workstation non è sempre disponibile e può essere vuoto in alcuni casi.\r\n\r\nIl campo del livello di rappresentazione indica la portata della rappresentazione consentita a un processo nella sessione di accesso.\r\n\r\nIl campo Informazioni di autenticazione fornisce informazioni dettagliate sulla specifica richiesta di accesso.\r\n\t- GUID accesso è un identificatore univoco che può essere utilizzato per correlare questo evento a un evento KDC.\r\n\t- Servizi transitati indica quali servizi intermedi hanno partecipato alla richiesta di accesso.\r\n\t- Nome pacchetto indica quale sottoprotocollo dei protocolli NTLM è stato utilizzato.\r\n\t- Lunghezza chiave indica la lunghezza della chiave di sessione generata. Se non è stata richiesta alcuna chiave di sessione, la lunghezza sarà 0."
    },
    {
        "Id":  4672,
        "Version":  0,
        "Qualifiers":  null,
        "Level":  0,
        "Task":  12548,
        "Opcode":  0,
        "Keywords":  -9214364837600034816,
        "RecordId":  343780,
        "ProviderName":  "Microsoft-Windows-Security-Auditing",
        "ProviderId":  "54849625-5478-4994-a5ba-3e3b0328c30d",
        "LogName":  "Security",
        "ProcessId":  1460,
        "ThreadId":  1788,
        "MachineName":  "DESKTOP-NRFOH2F",
        "UserId":  null,
        "TimeCreated":  "\/Date(1773056390938)\/",
        "ActivityId":  "4798d4a9-af97-0002-68d5-984797afdc01",
        "RelatedActivityId":  null,
        "ContainerLog":  "Security",
        "MatchedQueryIds":  [
                                0
                            ],
        "Bookmark":  {

                     },
        "LevelDisplayName":  "Informazioni",
        "OpcodeDisplayName":  "Informazioni",
        "TaskDisplayName":  "Special Logon",
        "KeywordsDisplayNames":  [
                                     "Controllo riuscito"
                                 ],
        "Properties":  [
                           {
                               "Value":  {
                                             "BinaryLength":  12,
                                             "AccountDomainSid":  null,
                                             "Value":  "S-1-5-18"
                                         }
                           },
                           {
                               "Value":  "SYSTEM"
                           },
                           {
                               "Value":  "NT AUTHORITY"
                           },
                           {
                               "Value":  999
                           },
                           {
                               "Value":  "SeAssignPrimaryTokenPrivilege\r\n\t\t\tSeTcbPrivilege\r\n\t\t\tSeSecurityPrivilege\r\n\t\t\tSeTakeOwnershipPrivilege\r\n\t\t\tSeLoadDriverPrivilege\r\n\t\t\tSeBackupPrivilege\r\n\t\t\tSeRestorePrivilege\r\n\t\t\tSeDebugPrivilege\r\n\t\t\tSeAuditPrivilege\r\n\t\t\tSeSystemEnvironmentPrivilege\r\n\t\t\tSeImpersonatePrivilege\r\n\t\t\tSeDelegateSessionUserImpersonatePrivilege"
                           }
                       ],
        "Message":  "Privilegi speciali assegnati a nuovo accesso.\r\n\r\nSoggetto:\r\n\tID sicurezza:\t\tS-1-5-18\r\n\tNome account:\t\tSYSTEM\r\n\tDominio account:\t\tNT AUTHORITY\r\n\tID accesso:\t\t0x3E7\r\n\r\nPrivilegi:\t\tSeAssignPrimaryTokenPrivilege\r\n\t\t\tSeTcbPrivilege\r\n\t\t\tSeSecurityPrivilege\r\n\t\t\tSeTakeOwnershipPrivilege\r\n\t\t\tSeLoadDriverPrivilege\r\n\t\t\tSeBackupPrivilege\r\n\t\t\tSeRestorePrivilege\r\n\t\t\tSeDebugPrivilege\r\n\t\t\tSeAuditPrivilege\r\n\t\t\tSeSystemEnvironmentPrivilege\r\n\t\t\tSeImpersonatePrivilege\r\n\t\t\tSeDelegateSessionUserImpersonatePrivilege"
    },
    {
        "Id":  4624,
        "Version":  3,
        "Qualifiers":  null,
        "Level":  0,
        "Task":  12544,
        "Opcode":  0,
        "Keywords":  -9214364837600034816,
        "RecordId":  343779,
        "ProviderName":  "Microsoft-Windows-Security-Auditing",
        "ProviderId":  "54849625-5478-4994-a5ba-3e3b0328c30d",
        "LogName":  "Security",
        "ProcessId":  1460,
        "ThreadId":  1788,
        "MachineName":  "DESKTOP-NRFOH2F",
        "UserId":  null,
        "TimeCreated":  "\/Date(1773056390938)\/",
        "ActivityId":  "4798d4a9-af97-0002-68d5-984797afdc01",
        "RelatedActivityId":  null,
        "ContainerLog":  "Security",
        "MatchedQueryIds":  [
                                0
                            ],
        "Bookmark":  {

                     },
        "LevelDisplayName":  "Informazioni",
        "OpcodeDisplayName":  "Informazioni",
        "TaskDisplayName":  "Special Logon",
        "KeywordsDisplayNames":  [
                                     "Controllo riuscito"
                                 ],
        "Properties":  [
                           {
                               "Value":  {
                                             "BinaryLength":  12,
                                             "AccountDomainSid":  null,
                                             "Value":  "S-1-5-18"
                                         }
                           },
                           {
                               "Value":  "DESKTOP-NRFOH2F$"
                           },
                           {
                               "Value":  "WORKGROUP"
                           },
                           {
                               "Value":  999
                           },
                           {
                               "Value":  {
                                             "BinaryLength":  12,
                                             "AccountDomainSid":  null,
                                             "Value":  "S-1-5-18"
                                         }
                           },
                           {
                               "Value":  "SYSTEM"
                           },
                           {
                               "Value":  "NT AUTHORITY"
                           },
                           {
                               "Value":  999
                           },
                           {
                               "Value":  5
                           },
                           {
                               "Value":  "Advapi  "
                           },
                           {
                               "Value":  "Negotiate"
                           },
                           {
                               "Value":  "-"
                           },
                           {
                               "Value":  "00000000-0000-0000-0000-000000000000"
                           },
                           {
                               "Value":  "-"
                           },
                           {
                               "Value":  "-"
                           },
                           {
                               "Value":  0
                           },
                           {
                               "Value":  1412
                           },
                           {
                               "Value":  "C:\\Windows\\System32\\services.exe"
                           },
                           {
                               "Value":  "-"
                           },
                           {
                               "Value":  "-"
                           },
                           {
                               "Value":  "%%1833"
                           },
                           {
                               "Value":  "-"
                           },
                           {
                               "Value":  "-"
                           },
                           {
                               "Value":  "-"
                           },
                           {
                               "Value":  "-"
                           },
                           {
                               "Value":  "%%1843"
                           },
                           {
                               "Value":  0
                           },
                           {
                               "Value":  "%%1842"
                           }
                       ],
        "Message":  "Accesso di un account riuscito.\r\n\r\nSoggetto:\r\n\tID sicurezza:\t\tS-1-5-18\r\n\tNome account:\t\tDESKTOP-NRFOH2F$\r\n\tDominio account:\t\tWORKGROUP\r\n\tID accesso:\t\t0x3E7\r\n\r\nInformazioni di accesso:\r\n\tTipo di accesso:\t\t5\r\n\tModalità amministrativa limitata::\t-\r\n\tCredential Guard remoto:\t-\r\n\tAccount virtuale:\t\tNo\r\n\tToken elevato:\t\tSì\r\n\r\nLivello rappresentazione:\t\tRappresentazione\r\n\r\nNuovo accesso:\r\n\tID sicurezza:\t\tS-1-5-18\r\n\tNome account:\t\tSYSTEM\r\n\tDominio account:\t\tNT AUTHORITY\r\n\tID accesso:\t\t0x3E7\r\n\tID accesso collegato:\t\t0x0\r\n\tNome account di rete:\t-\r\n\tDominio account di rete:\t-\r\n\tGUID accesso:\t\t{00000000-0000-0000-0000-000000000000}\r\n\r\nInformazioni sul processo:\r\n\tID processo:\t\t0x584\r\n\tNome processo:\t\tC:\\Windows\\System32\\services.exe\r\n\r\nInformazioni di rete:\r\n\tNome Workstation:\t-\r\n\tIndirizzo rete di origine:\t-\r\n\tPorta di origine:\t\t-\r\n\r\nInformazioni di autenticazione dettagliate:\r\n\tProcesso di accesso:\t\tAdvapi  \r\n\tPacchetto di autenticazione:\tNegotiate\r\n\tServizi transitati:\t-\r\n\tNome pacchetto (solo NTLM):\t-\r\n\tLunghezza chiave:\t\t0\r\n\r\nQuesto evento viene generato quando viene creata una sessione di accesso. Viene generato nel computer in cui è stato effettuato l\u0027accesso.\r\n\r\nIl campo Soggetto indica l\u0027account nel sistema locale che ha richiesto l\u0027accesso. Generalmente si tratta di un servizio, quale il servizio Server, o di un processo locale, ad esempio Winlogon.exe o Services.exe.\r\n\r\nIl campo Tipo di accesso indica il tipo di accesso che È stato effettuato. I tipi più comuni sono 2 (interattivo) e 3 (rete).\r\n\r\nIl campo Nuovo accesso indica l’account per il quale è stato creato il nuovo accesso, vale a dire l’account che ha effettuato l’accesso.\r\n\r\nTI campi Informazioni di rete indicano l\u0027origine della richiesta di accesso remota. Il nome della workstation non è sempre disponibile e può essere vuoto in alcuni casi.\r\n\r\nIl campo del livello di rappresentazione indica la portata della rappresentazione consentita a un processo nella sessione di accesso.\r\n\r\nIl campo Informazioni di autenticazione fornisce informazioni dettagliate sulla specifica richiesta di accesso.\r\n\t- GUID accesso è un identificatore univoco che può essere utilizzato per correlare questo evento a un evento KDC.\r\n\t- Servizi transitati indica quali servizi intermedi hanno partecipato alla richiesta di accesso.\r\n\t- Nome pacchetto indica quale sottoprotocollo dei protocolli NTLM è stato utilizzato.\r\n\t- Lunghezza chiave indica la lunghezza della chiave di sessione generata. Se non è stata richiesta alcuna chiave di sessione, la lunghezza sarà 0."
    },
    {
        "Id":  4672,
        "Version":  0,
        "Qualifiers":  null,
        "Level":  0,
        "Task":  12548,
        "Opcode":  0,
        "Keywords":  -9214364837600034816,
        "RecordId":  343778,
        "ProviderName":  "Microsoft-Windows-Security-Auditing",
        "ProviderId":  "54849625-5478-4994-a5ba-3e3b0328c30d",
        "LogName":  "Security",
        "ProcessId":  1460,
        "ThreadId":  1564,
        "MachineName":  "DESKTOP-NRFOH2F",
        "UserId":  null,
        "TimeCreated":  "\/Date(1773056310711)\/",
        "ActivityId":  "4798d4a9-af97-0002-68d5-984797afdc01",
        "RelatedActivityId":  null,
        "ContainerLog":  "Security",
        "MatchedQueryIds":  [
                                0
                            ],
        "Bookmark":  {

                     },
        "LevelDisplayName":  "Informazioni",
        "OpcodeDisplayName":  "Informazioni",
        "TaskDisplayName":  "Special Logon",
        "KeywordsDisplayNames":  [
                                     "Controllo riuscito"
                                 ],
        "Properties":  [
                           {
                               "Value":  {
                                             "BinaryLength":  12,
                                             "AccountDomainSid":  null,
                                             "Value":  "S-1-5-18"
                                         }
                           },
                           {
                               "Value":  "SYSTEM"
                           },
                           {
                               "Value":  "NT AUTHORITY"
                           },
                           {
                               "Value":  999
                           },
                           {
                               "Value":  "SeAssignPrimaryTokenPrivilege\r\n\t\t\tSeTcbPrivilege\r\n\t\t\tSeSecurityPrivilege\r\n\t\t\tSeTakeOwnershipPrivilege\r\n\t\t\tSeLoadDriverPrivilege\r\n\t\t\tSeBackupPrivilege\r\n\t\t\tSeRestorePrivilege\r\n\t\t\tSeDebugPrivilege\r\n\t\t\tSeAuditPrivilege\r\n\t\t\tSeSystemEnvironmentPrivilege\r\n\t\t\tSeImpersonatePrivilege\r\n\t\t\tSeDelegateSessionUserImpersonatePrivilege"
                           }
                       ],
        "Message":  "Privilegi speciali assegnati a nuovo accesso.\r\n\r\nSoggetto:\r\n\tID sicurezza:\t\tS-1-5-18\r\n\tNome account:\t\tSYSTEM\r\n\tDominio account:\t\tNT AUTHORITY\r\n\tID accesso:\t\t0x3E7\r\n\r\nPrivilegi:\t\tSeAssignPrimaryTokenPrivilege\r\n\t\t\tSeTcbPrivilege\r\n\t\t\tSeSecurityPrivilege\r\n\t\t\tSeTakeOwnershipPrivilege\r\n\t\t\tSeLoadDriverPrivilege\r\n\t\t\tSeBackupPrivilege\r\n\t\t\tSeRestorePrivilege\r\n\t\t\tSeDebugPrivilege\r\n\t\t\tSeAuditPrivilege\r\n\t\t\tSeSystemEnvironmentPrivilege\r\n\t\t\tSeImpersonatePrivilege\r\n\t\t\tSeDelegateSessionUserImpersonatePrivilege"
    },
